Build started 3/20/2017 5:31:43 PM.
     1>Project "P:\barcodereader\SSI-Sample\SSI-Sample\TheRealBarcode\TheRealBarcode\TheRealBarcode.vcxproj" on node 2 (ClCompile target(s)).
     1>ClCompile:
         C:\Program Files (x86)\Microsoft Visual Studio 12.0\VC\bin\CL.exe /c /Zi /nologo /W1 /WX- /O2 /Oy- /Gm- /EHsc /MD /GS /fp:precise /Zc:wchar_t /Zc:forScope /Fo"Template\\" /Fd"Template\vc120.pdb" /Gd /TP /analyze- /errorReport:prompt TheRealBarcode.cpp
         TheRealBarcode.cpp
     1>p:\barcodereader\ssi-sample\ssi-sample\therealbarcode\therealbarcode\stdafx.h(25): fatal error C1083: Cannot open include file: 'ceconfig.h': No such file or directory
     1>Done Building Project "P:\barcodereader\SSI-Sample\SSI-Sample\TheRealBarcode\TheRealBarcode\TheRealBarcode.vcxproj" (ClCompile target(s)) -- FAILED.

Build FAILED.

Time Elapsed 00:00:01.12
